#
# A fatal error has been detected by the Java Runtime Environment:
#
#  EXCEPTION_ACCESS_VIOLATION (0xc0000005) at pc=0x00007ffebe8e3004, pid=2292, tid=7972
#
# JRE version: OpenJDK Runtime Environment (24.0.1+9) (build 24.0.1+9-30)
# Java VM: OpenJDK 64-Bit Server VM (24.0.1+9-30, mixed mode, sharing, tiered, compressed oops, compressed class ptrs, g1 gc, windows-amd64)
# Problematic frame:
# C  [libasyncProfiler.dll+0x93004]
#
# No core dump will be written. Minidumps are not enabled by default on client versions of Windows
#
# JFR recording file will be written. Location: C:\Users\hp\IdeaProjects\se.sti.TDD.project\hs_err_pid2292.jfr
#
# If you would like to submit a bug report, please visit:
#   https://bugreport.java.com/bugreport/crash.jsp
# The crash happened outside the Java Virtual Machine in native code.
# See problematic frame for where to report the bug.
#

---------------  S U M M A R Y ------------

Command Line: -ea -Didea.test.cyclic.buffer.size=1048576 -javaagent:C:\Program Files\JetBrains\IntelliJ IDEA 2024.3.5\lib\idea_rt.jar=56232 -javaagent:C:\Users\hp\AppData\Local\JetBrains\IntelliJIdea2024.3\captureAgent\debugger-agent.jar -Dkotlinx.coroutines.debug.enable.creation.stack.trace=false -Ddebugger.agent.enable.coroutines=true -Dkotlinx.coroutines.debug.enable.flows.stack.trace=true -Dkotlinx.coroutines.debug.enable.mutable.state.flows.stack.trace=true -agentpath:C:\Users\hp\AppData\Local\Temp\idea_libasyncProfiler_dll_temp_folder2\libasyncProfiler.dll=start,jfr,event=wall,interval=10ms,jfrsync=profile,cstack=no,file=C:\Users\hp\IdeaSnapshots\AccountManagerTest_2025_05_09_201857.jfr,dbghelppath=C:\Users\hp\AppData\Local\Temp\idea_dbghelp_dll_temp_folder\dbghelp.dll,log=C:\Users\hp\AppData\Local\Temp\AccountManagerTest_2025_05_09_201857.jfr.log.txt,logLevel=DEBUG -Dfile.encoding=UTF-8 -Dsun.stdout.encoding=UTF-8 -Dsun.stderr.encoding=UTF-8 com.intellij.rt.junit.JUnitStarter -ideVersion5 -junit5 se.sti.TDD.project.AccountManagerTest

Host: AMD Ryzen 3 PRO 4450U with Radeon Graphics, 8 cores, 23G,  Windows 11 , 64 bit Build 22621 (10.0.22621.5015)
Time: Fri May  9 20:18:58 2025 Västeuropa, sommartid elapsed time: 0.817192 seconds (0d 0h 0m 0s)

---------------  T H R E A D  ---------------

Current thread (0x000001a421852da0):  JavaThread "main"             [_thread_in_native, id=7972, stack(0x0000000600c00000,0x0000000600d00000) (1024K)]

Stack: [0x0000000600c00000,0x0000000600d00000],  sp=0x0000000600cfe8e0,  free space=1018k
Native frames: (J=compiled Java code, j=interpreted, Vv=VM code, C=native code)
C  [libasyncProfiler.dll+0x93004]  (no source info available)
C  [libasyncProfiler.dll+0x934db]  (no source info available)
C  [libasyncProfiler.dll+0x92134]  (no source info available)
C  [libasyncProfiler.dll+0x929aa]  (no source info available)
C  [libasyncProfiler.dll+0x8d561]  (no source info available)
C  [libasyncProfiler.dll+0x7ef21]  (no source info available)
C  [libasyncProfiler.dll+0x7dc38]  (no source info available)
C  [libasyncProfiler.dll+0x7db20]  (no source info available)
C  [libasyncProfiler.dll+0x83c3c]  (no source info available)
V  [jvm.dll+0x5e38de]  (no source info available)
V  [jvm.dll+0x886056]  (no source info available)
V  [jvm.dll+0x495f3e]  (no source info available)
V  [jvm.dll+0x497d11]  (no source info available)
C  [jli.dll+0x52a1]  (no source info available)
C  [ucrtbase.dll+0x29333]  (no source info available)
C  [KERNEL32.DLL+0x1259d]  (no source info available)
C  [ntdll.dll+0x5af58]  (no source info available)


siginfo: EXCEPTION_ACCESS_VIOLATION (0xc0000005), reading address 0xffffffffffffffff


Registers:
RAX=0x0000000000000010, RBX=0x0000000000000000, RCX=0xffffffffffffffff, RDX=0x007ffeb9e5300010
RSP=0x0000000600cfe8e0, RBP=0x000001a44653e398, RSI=0x0000000600cfea50, RDI=0x000001a44653e398
R8 =0x0000000000000042, R9 =0x00000006a1c01ed8, R10=0x00007ffeba0c9fb0, R11=0x0000000000000004
R12=0x0000000600cfea50, R13=0x000001a421847b90, R14=0x000001a421853168, R15=0x000001a421853168
RIP=0x00007ffebe8e3004, EFLAGS=0x0000000000010202

XMM[0]=0x0000000000000000 0x0000000000000000
XMM[1]=0x0000000000000000 0x0000000000000000
XMM[2]=0x0000000000000000 0x0000000000000000
XMM[3]=0x0000000000000000 0x0000000000000000
XMM[4]=0x0000000000000000 0x0000000000000000
XMM[5]=0x0000000000000000 0x0000000000000000
XMM[6]=0x0000000000000000 0x0000000000000000
XMM[7]=0x0000000000000000 0x0000000000000000
XMM[8]=0x0000000000000000 0x0000000000000000
XMM[9]=0x0000000000000000 0x0000000000000000
XMM[10]=0x0000000000000000 0x0000000000000000
XMM[11]=0x0000000000000000 0x0000000000000000
XMM[12]=0x0000000000000000 0x0000000000000000
XMM[13]=0x0000000000000000 0x0000000000000000
XMM[14]=0x0000000000000000 0x0000000000000000
XMM[15]=0x0000000000000000 0x0000000000000000
  MXCSR=0x00001fa0


Register to memory mapping:

RAX=0x0000000000000010 is an unknown value
RBX=0x0 is null
RCX=0xffffffffffffffff is an unknown value
RDX=0x007ffeb9e5300010 is an unknown value
RSP=0x0000000600cfe8e0 is pointing into the stack for thread: 0x000001a421852da0
RBP=0x000001a44653e398 points into unknown readable memory: 0x00000006a1c01ed8 | d8 1e c0 a1 06 00 00 00
RSI=0x0000000600cfea50 is pointing into the stack for thread: 0x000001a421852da0
RDI=0x000001a44653e398 points into unknown readable memory: 0x00000006a1c01ed8 | d8 1e c0 a1 06 00 00 00
R8 =0x0000000000000042 is an unknown value
R9 =0x00000006a1c01ed8 is an oop: java.lang.Thread 
{0x00000006a1c01ed8} - klass: 'java/lang/Thread' - flags: 

 - ---- fields (total size 14 words):
 - 'threadLocalRandomProbe' 'I' @12  -1640531527 (0x9e3779b9)
 - private volatile 'eetop' 'J' @16  1804448640416 (0x000001a421852da0)
 - private final 'tid' 'J' @24  3 (0x0000000000000003)
 - 'threadLocalRandomSeed' 'J' @32  4859831624185975132 (0x4371971d1bd0915c)
 - injected 'jvmti_thread_state' 'J' @40  1805063601040 (0x000001a4462cbb90)
 - 'threadLocalRandomSecondarySeed' 'I' @48  0 (0x00000000)
 - injected 'jvmti_VTMS_transition_disable_count' 'I' @52  0 (0x00000000)
 - injected 'jfr_epoch' 'S' @56  0 (0x0000)
 - volatile 'interrupted' 'Z' @58  false (0x00)
 - injected 'jvmti_is_in_VTMS_transition' 'Z' @59  false (0x00)
 - private volatile 'name' 'Ljava/lang/String;' @60  "main"{0x00000006a1c01f48} (0xd43803e9)
 - private volatile 'contextClassLoader' 'Ljava/lang/ClassLoader;' @64  a 'jdk/internal/loader/ClassLoaders$AppClassLoader'{0x00000006a1c1db60} (0xd4383b6c)
 - private final 'holder' 'Ljava/lang/Thread$FieldHolder;' @68  a 'java/lang/Thread$FieldHolder'{0x00000006a1c01f88} (0xd43803f1)
 - 'threadLocals' 'Ljava/lang/ThreadLocal$ThreadLocalMap;' @72  a 'java/lang/ThreadLocal$ThreadLocalMap'{0x00000006a1f25740} (0xd43e4ae8)
 - 'inheritableThreadLocals' 'Ljava/lang/ThreadLocal$ThreadLocalMap;' @76  null (0x00000000)
 - private 'scopedValueBindings' 'Ljava/lang/Object;' @80  a 'java/lang/Class'{0x00000007ffc7c258} = 'java/lang/Thread' (0xfff8f84b)
 - final 'interruptLock' 'Ljava/lang/Object;' @84  a 'java/lang/Object'{0x00000006a1c01f78} (0xd43803ef)
 - private volatile 'parkBlocker' 'Ljava/lang/Object;' @88  null (0x00000000)
 - private 'nioBlocker' 'Lsun/nio/ch/Interruptible;' @92  null (0x00000000)
 - private 'cont' 'Ljdk/internal/vm/Continuation;' @96  null (0x00000000)
 - private volatile 'uncaughtExceptionHandler' 'Ljava/lang/Thread$UncaughtExceptionHandler;' @100  null (0x00000000)
 - private 'container' 'Ljdk/internal/vm/ThreadContainer;' @104  null (0x00000000)
 - private volatile 'headStackableScopes' 'Ljdk/internal/vm/StackableScope;' @108  null (0x00000000)
R10=0x00007ffeba0c9fb0 jvm.dll
R11=0x0000000000000004 is an unknown value
R12=0x0000000600cfea50 is pointing into the stack for thread: 0x000001a421852da0
R13=0x000001a421847b90 points into unknown readable memory: 0x00007ffeba03a510 | 10 a5 03 ba fe 7f 00 00
R14=0x000001a421853168 points into unknown readable memory: 0x00007ffeba0317b0 | b0 17 03 ba fe 7f 00 00
R15=0x000001a421853168 points into unknown readable memory: 0x00007ffeba0317b0 | b0 17 03 ba fe 7f 00 00

Top of Stack: (sp=0x0000000600cfe8e0)
0x0000000600cfe8e0:   0000000600cfea50 000001a44653e398   P.........SF....
0x0000000600cfe8f0:   0000000000000000 000001a423aeda60   ........`..#....
0x0000000600cfe900:   000000000000001a 00007ffebe8e34db   .........4......
0x0000000600cfe910:   0000000000000000 000001a421853168   ........h1.!....
0x0000000600cfe920:   0000000600cfea01 0000000000000000   ................
0x0000000600cfe930:   000001a48d1344b0 00007ffebe8e2134   .D......4!......
0x0000000600cfe940:   0000000000000000 000000000000001a   ................
0x0000000600cfe950:   0000000000000000 000000000000001a   ................
0x0000000600cfe960:   0000000946e1c040 000001a48d13b510   @..F............
0x0000000600cfe970:   000001a48d1344b0 000001a48d134518   .D.......E......
0x0000000600cfe980:   000001a48d134520 00000000000010bc    E..............
0x0000000600cfe990:   0000000000000000 0000000000000000   ................
0x0000000600cfe9a0:   0000000000000000 00007ffeb98957d4   .........W......
0x0000000600cfe9b0:   00007ffebea3ae00 00000000000008f4   ................
0x0000000600cfe9c0:   00007ffebea3ae00 00000000ffffffff   ................
0x0000000600cfe9d0:   0000000000000000 00007ffebe8e29aa   .........)......
0x0000000600cfe9e0:   000001a421853168 0000000000000000   h1.!............
0x0000000600cfe9f0:   0000000600cfea59 000001a421847b90   Y........{.!....
0x0000000600cfea00:   000001a48d28be70 0000000000000000   p.(.............
0x0000000600cfea10:   0000000000000000 00007ffebe9e4118   .........A......
0x0000000600cfea20:   000001a421853168 00007ffebea3ae00   h1.!............
0x0000000600cfea30:   0000000000100000 0000000000001000   ................
0x0000000600cfea40:   0000000600cfebe8 000001a421853168   ........h1.!....
0x0000000600cfea50:   000001a48d226040 000001a48d226380   @`"......c".....
0x0000000600cfea60:   000001a48d226380 00007ffebea3ae00   .c".............
0x0000000600cfea70:   000001a48d28ccc0 000001a421820000   ..(........!....
0x0000000600cfea80:   0000000600cfed20 0000000000008840    .......@.......
0x0000000600cfea90:   00007ffebea2d080 00007ffebea3ae50   ........P.......
0x0000000600cfeaa0:   0000000000989680 0000000000989680   ................
0x0000000600cfeab0:   0000000600cfebc0 00007ffebe8dd561   ........a.......
0x0000000600cfeac0:   00007ffebea3ae00 00007ffebea3ae58   ........X.......
0x0000000600cfead0:   00007ffe00000000 000001a400000001   ................

Instructions: (pc=0x00007ffebe8e3004)
  0x00007ffebe8e2f04:   cc cc cc cc cc cc cc cc cc cc cc cc cc cc cc cc
  0x00007ffebe8e2f14:   cc cc cc cc cc cc cc cc cc cc cc cc cc cc cc cc
  0x00007ffebe8e2f24:   cc cc cc cc cc cc cc cc cc cc cc cc cc cc cc cc
  0x00007ffebe8e2f34:   cc cc cc cc cc cc cc cc cc cc cc cc cc cc cc cc
  0x00007ffebe8e2f44:   cc cc cc cc cc cc cc cc cc cc cc cc cc cc cc cc
  0x00007ffebe8e2f54:   cc cc cc cc cc cc cc cc cc cc cc cc cc cc cc cc
  0x00007ffebe8e2f64:   cc cc cc cc cc cc cc cc cc cc cc cc cc cc cc cc
  0x00007ffebe8e2f74:   cc cc cc cc cc cc cc cc cc cc cc cc cc cc cc cc
  0x00007ffebe8e2f84:   cc cc cc cc cc cc cc cc cc cc cc cc 40 57 48 83
  0x00007ffebe8e2f94:   ec 20 48 8b f9 48 8b 0d 30 80 15 00 48 85 c9 74
  0x00007ffebe8e2fa4:   20 48 8b 01 48 8d 54 24 38 41 b8 06 00 01 00 4c
  0x00007ffebe8e2fb4:   8b 48 30 41 ff d1 85 c0 75 07 48 8b 4c 24 38 eb
  0x00007ffebe8e2fc4:   02 33 c9 4c 8b 05 0a 81 15 00 48 89 5c 24 30 4d
  0x00007ffebe8e2fd4:   85 c0 74 4a 48 8b 01 48 8b d7 4c 8b 88 28 03 00
  0x00007ffebe8e2fe4:   00 41 ff d1 48 85 c0 74 35 48 63 0d b8 3d 15 00
  0x00007ffebe8e2ff4:   48 8b 14 01 48 85 d2 74 15 48 63 05 bc 3d 15 00
=>0x00007ffebe8e3004:   8b 04 10 48 8b 5c 24 30 48 83 c4 20 5f c3 b8 ff
  0x00007ffebe8e3014:   ff ff ff 48 8b 5c 24 30 48 83 c4 20 5f c3 80 3d
  0x00007ffebe8e3024:   bb 7f 15 00 00 bb ff ff ff ff 74 20 4c 8b 0d 51
  0x00007ffebe8e3034:   7c 15 00 4c 8d 44 24 38 48 8b 0d 35 7c 15 00 48
  0x00007ffebe8e3044:   8b d7 41 ff d1 85 c0 0f 44 5c 24 38 8b c3 48 8b
  0x00007ffebe8e3054:   5c 24 30 48 83 c4 20 5f c3 cc cc cc cc cc cc cc
  0x00007ffebe8e3064:   cc cc cc cc cc cc cc cc cc cc cc cc cc cc cc cc
  0x00007ffebe8e3074:   cc cc cc cc cc cc cc cc cc cc cc cc cc cc cc cc
  0x00007ffebe8e3084:   cc cc cc cc cc cc cc cc cc cc cc cc 48 89 54 24
  0x00007ffebe8e3094:   10 53 55 56 57 41 56 41 57 48 83 ec 28 48 8b f2
  0x00007ffebe8e30a4:   4c 8b f1 48 89 4c 24 78 45 33 ff 44 89 7c 24 68
  0x00007ffebe8e30b4:   c7 44 24 60 01 00 00 00 48 8d 4c 24 68 e8 69 3c
  0x00007ffebe8e30c4:   f7 ff 8b d8 48 8d 4c 24 60 e8 5d 3c f7 ff 8b e8
  0x00007ffebe8e30d4:   49 8b ce e8 33 f3 f6 ff 48 8b f8 90 8b c3 f0 0f
  0x00007ffebe8e30e4:   b1 2f 74 04 f3 90 eb f4 4c 89 3e 4c 89 7e 08 4c
  0x00007ffebe8e30f4:   89 7e 10 49 8b 6e 08 4d 8b 76 10 49 3b ee 0f 84


Stack slot to memory mapping:

stack at sp + 0 slots: 0x0000000600cfea50 is pointing into the stack for thread: 0x000001a421852da0
stack at sp + 1 slots: 0x000001a44653e398 points into unknown readable memory: 0x00000006a1c01ed8 | d8 1e c0 a1 06 00 00 00
stack at sp + 2 slots: 0x0 is null
stack at sp + 3 slots: 0x000001a423aeda60 points into unknown readable memory: 0x6e616c2e6176616a | 6a 61 76 61 2e 6c 61 6e
stack at sp + 4 slots: 0x000000000000001a is an unknown value
stack at sp + 5 slots: 0x00007ffebe8e34db libasyncProfiler.dll
stack at sp + 6 slots: 0x0 is null
stack at sp + 7 slots: 0x000001a421853168 points into unknown readable memory: 0x00007ffeba0317b0 | b0 17 03 ba fe 7f 00 00

Lock stack of current Java thread (top to bottom):


---------------  P R O C E S S  ---------------

Threads class SMR info:
_java_thread_list=0x000001a48c0dea10, length=13, elements={
0x000001a421852da0, 0x000001a4461dff30, 0x000001a4461e3790, 0x000001a4461e9ad0,
0x000001a4461eace0, 0x000001a4461ef660, 0x000001a4461f09e0, 0x000001a4461fce40,
0x000001a446203f40, 0x000001a4464e23e0, 0x000001a4464d43c0, 0x000001a48ce88590,
0x000001a48d1b6710
}

Java Threads: ( => current thread )
=>0x000001a421852da0 JavaThread "main"                              [_thread_in_native, id=7972, stack(0x0000000600c00000,0x0000000600d00000) (1024K)]
  0x000001a4461dff30 JavaThread "Reference Handler"          daemon [_thread_blocked, id=15728, stack(0x0000000601400000,0x0000000601500000) (1024K)]
  0x000001a4461e3790 JavaThread "Finalizer"                  daemon [_thread_blocked, id=6616, stack(0x0000000601500000,0x0000000601600000) (1024K)]
  0x000001a4461e9ad0 JavaThread "Signal Dispatcher"          daemon [_thread_blocked, id=13904, stack(0x0000000601600000,0x0000000601700000) (1024K)]
  0x000001a4461eace0 JavaThread "Attach Listener"            daemon [_thread_in_Java, id=528, stack(0x0000000601700000,0x0000000601800000) (1024K)]
  0x000001a4461ef660 JavaThread "Service Thread"             daemon [_thread_blocked, id=17672, stack(0x0000000601800000,0x0000000601900000) (1024K)]
  0x000001a4461f09e0 JavaThread "Monitor Deflation Thread"   daemon [_thread_blocked, id=7832, stack(0x0000000601900000,0x0000000601a00000) (1024K)]
  0x000001a4461fce40 JavaThread "C2 CompilerThread0"         daemon [_thread_in_native, id=18940, stack(0x0000000601a00000,0x0000000601b00000) (1024K)]
  0x000001a446203f40 JavaThread "C1 CompilerThread0"         daemon [_thread_blocked, id=12520, stack(0x0000000601b00000,0x0000000601c00000) (1024K)]
  0x000001a4464e23e0 JavaThread "Common-Cleaner"             daemon [_thread_blocked, id=1616, stack(0x0000000601d00000,0x0000000601e00000) (1024K)]
  0x000001a4464d43c0 JavaThread "Monitor Ctrl-Break"         daemon [_thread_in_native, id=7596, stack(0x0000000601e00000,0x0000000601f00000) (1024K)]
  0x000001a48ce88590 JavaThread "JFR Recorder Thread"        daemon [_thread_in_native, id=2044, stack(0x0000000601f00000,0x0000000602000000) (1024K)]
  0x000001a48d1b6710 JavaThread "JFR Periodic Tasks"         daemon [_thread_blocked, id=4284, stack(0x0000000602100000,0x0000000602200000) (1024K)]
Total: 13

Other Threads:
  0x000001a42378e9d0 VMThread "VM Thread"                           [id=17256, stack(0x0000000601300000,0x0000000601400000) (1024K)]
  0x000001a42377cd80 WatcherThread "VM Periodic Task Thread"        [id=15900, stack(0x0000000601200000,0x0000000601300000) (1024K)]
  0x000001a423693490 WorkerThread "GC Thread#0"                     [id=1820, stack(0x0000000600d00000,0x0000000600e00000) (1024K)]
  0x000001a4236a3e60 ConcurrentGCThread "G1 Main Marker"            [id=12012, stack(0x0000000600e00000,0x0000000600f00000) (1024K)]
  0x000001a4236a6d80 WorkerThread "G1 Conc#0"                       [id=8052, stack(0x0000000600f00000,0x0000000601000000) (1024K)]
  0x000001a42372a450 ConcurrentGCThread "G1 Refine#0"               [id=9564, stack(0x0000000601000000,0x0000000601100000) (1024K)]
  0x000001a42372afd0 ConcurrentGCThread "G1 Service"                [id=15692, stack(0x0000000601100000,0x0000000601200000) (1024K)]
Total: 7

Threads with active compile tasks:
C2 CompilerThread0  1011 1348       4       java.util.ImmutableCollections$SetN::probe (56 bytes)
Total: 1

VM state: not at safepoint (normal execution)

VM Mutex/Monitor currently owned by a thread: None

Heap address: 0x000000068a800000, size: 5976 MB, Compressed Oops mode: Zero based, Oop shift amount: 3

CDS archive(s) mapped at: [0x000001a447000000-0x000001a447d40000-0x000001a447d40000), size 13893632, SharedBaseAddress: 0x000001a447000000, ArchiveRelocationMode: 1.
Compressed class space mapped at: 0x000001a448000000-0x000001a488000000, reserved size: 1073741824
UseCompressedClassPointers 1, UseCompactObjectHeaders 0
Narrow klass pointer bits 32, Max shift 3
Narrow klass base: 0x000001a447000000, Narrow klass shift: 0
Encoding Range: [0x000001a447000000 - 0x000001a547000000), (4294967296 bytes)
Klass Range:    [0x000001a447000000 - 0x000001a488000000), (1090519040 bytes)
Klass ID Range:  [8 - 1090519033) (1090519025)

GC Precious Log:
 CardTable entry size: 512
 Card Set container configuration: InlinePtr #cards 4 size 8 Array Of Cards #cards 32 size 80 Howl #buckets 8 coarsen threshold 7372 Howl Bitmap #cards 1024 size 144 coarsen threshold 921 Card regions per heap region 1 cards per card region 8192
 CPUs: 8 total, 8 available
 Memory: 23889M
 Large Page Support: Disabled
 NUMA Support: Disabled
 Compressed Oops: Enabled (Zero based)
 Heap Region Size: 4M
 Heap Min Capacity: 8M
 Heap Initial Capacity: 376M
 Heap Max Capacity: 5976M
 Pre-touch: Disabled
 Parallel Workers: 8
 Concurrent Workers: 2
 Concurrent Refinement Workers: 8
 Periodic GC: Disabled

Heap:
 garbage-first heap   total reserved 6119424K, committed 389120K, used 21616K [0x000000068a800000, 0x0000000800000000)
  region size 4096K, 6 young (24576K), 0 survivors (0K)
 Metaspace       used 6199K, committed 6464K, reserved 1114112K
  class space    used 497K, committed 640K, reserved 1048576K

Heap Regions: E=young(eden), S=young(survivor), O=old, HS=humongous(starts), HC=humongous(continues), CS=collection set, F=free, TAMS=top-at-mark-start, PB=parsable bottom
|   0|0x000000068a800000, 0x000000068a800000, 0x000000068ac00000|  0%| F|  |TAMS 0x000000068a800000| PB 0x000000068a800000| Untracked |  0
|   1|0x000000068ac00000, 0x000000068ac00000, 0x000000068b000000|  0%| F|  |TAMS 0x000000068ac00000| PB 0x000000068ac00000| Untracked |  0
|   2|0x000000068b000000, 0x000000068b000000, 0x000000068b400000|  0%| F|  |TAMS 0x000000068b000000| PB 0x000000068b000000| Untracked |  0
|   3|0x000000068b400000, 0x000000068b400000, 0x000000068b800000|  0%| F|  |TAMS 0x000000068b400000| PB 0x000000068b400000| Untracked |  0
|   4|0x000000068b800000, 0x000000068b800000, 0x000000068bc00000|  0%| F|  |TAMS 0x000000068b800000| PB 0x000000068b800000| Untracked |  0
|   5|0x000000068bc00000, 0x000000068bc00000, 0x000000068c000000|  0%| F|  |TAMS 0x000000068bc00000| PB 0x000000068bc00000| Untracked |  0
|   6|0x000000068c000000, 0x000000068c000000, 0x000000068c400000|  0%| F|  |TAMS 0x000000068c000000| PB 0x000000068c000000| Untracked |  0
|   7|0x000000068c400000, 0x000000068c400000, 0x000000068c800000|  0%| F|  |TAMS 0x000000068c400000| PB 0x000000068c400000| Untracked |  0
|   8|0x000000068c800000, 0x000000068c800000, 0x000000068cc00000|  0%| F|  |TAMS 0x000000068c800000| PB 0x000000068c800000| Untracked |  0
|   9|0x000000068cc00000, 0x000000068cc00000, 0x000000068d000000|  0%| F|  |TAMS 0x000000068cc00000| PB 0x000000068cc00000| Untracked |  0
|  10|0x000000068d000000, 0x000000068d000000, 0x000000068d400000|  0%| F|  |TAMS 0x000000068d000000| PB 0x000000068d000000| Untracked |  0
|  11|0x000000068d400000, 0x000000068d400000, 0x000000068d800000|  0%| F|  |TAMS 0x000000068d400000| PB 0x000000068d400000| Untracked |  0
|  12|0x000000068d800000, 0x000000068d800000, 0x000000068dc00000|  0%| F|  |TAMS 0x000000068d800000| PB 0x000000068d800000| Untracked |  0
|  13|0x000000068dc00000, 0x000000068dc00000, 0x000000068e000000|  0%| F|  |TAMS 0x000000068dc00000| PB 0x000000068dc00000| Untracked |  0
|  14|0x000000068e000000, 0x000000068e000000, 0x000000068e400000|  0%| F|  |TAMS 0x000000068e000000| PB 0x000000068e000000| Untracked |  0
|  15|0x000000068e400000, 0x000000068e400000, 0x000000068e800000|  0%| F|  |TAMS 0x000000068e400000| PB 0x000000068e400000| Untracked |  0
|  16|0x000000068e800000, 0x000000068e800000, 0x000000068ec00000|  0%| F|  |TAMS 0x000000068e800000| PB 0x000000068e800000| Untracked |  0
|  17|0x000000068ec00000, 0x000000068ec00000, 0x000000068f000000|  0%| F|  |TAMS 0x000000068ec00000| PB 0x000000068ec00000| Untracked |  0
|  18|0x000000068f000000, 0x000000068f000000, 0x000000068f400000|  0%| F|  |TAMS 0x000000068f000000| PB 0x000000068f000000| Untracked |  0
|  19|0x000000068f400000, 0x000000068f400000, 0x000000068f800000|  0%| F|  |TAMS 0x000000068f400000| PB 0x000000068f400000| Untracked |  0
|  20|0x000000068f800000, 0x000000068f800000, 0x000000068fc00000|  0%| F|  |TAMS 0x000000068f800000| PB 0x000000068f800000| Untracked |  0
|  21|0x000000068fc00000, 0x000000068fc00000, 0x0000000690000000|  0%| F|  |TAMS 0x000000068fc00000| PB 0x000000068fc00000| Untracked |  0
|  22|0x0000000690000000, 0x0000000690000000, 0x0000000690400000|  0%| F|  |TAMS 0x0000000690000000| PB 0x0000000690000000| Untracked |  0
|  23|0x0000000690400000, 0x0000000690400000, 0x0000000690800000|  0%| F|  |TAMS 0x0000000690400000| PB 0x0000000690400000| Untracked |  0
|  24|0x0000000690800000, 0x0000000690800000, 0x0000000690c00000|  0%| F|  |TAMS 0x0000000690800000| PB 0x0000000690800000| Untracked |  0
|  25|0x0000000690c00000, 0x0000000690c00000, 0x0000000691000000|  0%| F|  |TAMS 0x0000000690c00000| PB 0x0000000690c00000| Untracked |  0
|  26|0x0000000691000000, 0x0000000691000000, 0x0000000691400000|  0%| F|  |TAMS 0x0000000691000000| PB 0x0000000691000000| Untracked |  0
|  27|0x0000000691400000, 0x0000000691400000, 0x0000000691800000|  0%| F|  |TAMS 0x0000000691400000| PB 0x0000000691400000| Untracked |  0
|  28|0x0000000691800000, 0x0000000691800000, 0x0000000691c00000|  0%| F|  |TAMS 0x0000000691800000| PB 0x0000000691800000| Untracked |  0
|  29|0x0000000691c00000, 0x0000000691c00000, 0x0000000692000000|  0%| F|  |TAMS 0x0000000691c00000| PB 0x0000000691c00000| Untracked |  0
|  30|0x0000000692000000, 0x0000000692000000, 0x0000000692400000|  0%| F|  |TAMS 0x0000000692000000| PB 0x0000000692000000| Untracked |  0
|  31|0x0000000692400000, 0x0000000692400000, 0x0000000692800000|  0%| F|  |TAMS 0x0000000692400000| PB 0x0000000692400000| Untracked |  0
|  32|0x0000000692800000, 0x0000000692800000, 0x0000000692c00000|  0%| F|  |TAMS 0x0000000692800000| PB 0x0000000692800000| Untracked |  0
|  33|0x0000000692c00000, 0x0000000692c00000, 0x0000000693000000|  0%| F|  |TAMS 0x0000000692c00000| PB 0x0000000692c00000| Untracked |  0
|  34|0x0000000693000000, 0x0000000693000000, 0x0000000693400000|  0%| F|  |TAMS 0x0000000693000000| PB 0x0000000693000000| Untracked |  0
|  35|0x0000000693400000, 0x0000000693400000, 0x0000000693800000|  0%| F|  |TAMS 0x0000000693400000| PB 0x0000000693400000| Untracked |  0
|  36|0x0000000693800000, 0x0000000693800000, 0x0000000693c00000|  0%| F|  |TAMS 0x0000000693800000| PB 0x0000000693800000| Untracked |  0
|  37|0x0000000693c00000, 0x0000000693c00000, 0x0000000694000000|  0%| F|  |TAMS 0x0000000693c00000| PB 0x0000000693c00000| Untracked |  0
|  38|0x0000000694000000, 0x0000000694000000, 0x0000000694400000|  0%| F|  |TAMS 0x0000000694000000| PB 0x0000000694000000| Untracked |  0
|  39|0x0000000694400000, 0x0000000694400000, 0x0000000694800000|  0%| F|  |TAMS 0x0000000694400000| PB 0x0000000694400000| Untracked |  0
|  40|0x0000000694800000, 0x0000000694800000, 0x0000000694c00000|  0%| F|  |TAMS 0x0000000694800000| PB 0x0000000694800000| Untracked |  0
|  41|0x0000000694c00000, 0x0000000694c00000, 0x0000000695000000|  0%| F|  |TAMS 0x0000000694c00000| PB 0x0000000694c00000| Untracked |  0
|  42|0x0000000695000000, 0x0000000695000000, 0x0000000695400000|  0%| F|  |TAMS 0x0000000695000000| PB 0x0000000695000000| Untracked |  0
|  43|0x0000000695400000, 0x0000000695400000, 0x0000000695800000|  0%| F|  |TAMS 0x0000000695400000| PB 0x0000000695400000| Untracked |  0
|  44|0x0000000695800000, 0x0000000695800000, 0x0000000695c00000|  0%| F|  |TAMS 0x0000000695800000| PB 0x0000000695800000| Untracked |  0
|  45|0x0000000695c00000, 0x0000000695c00000, 0x0000000696000000|  0%| F|  |TAMS 0x0000000695c00000| PB 0x0000000695c00000| Untracked |  0
|  46|0x0000000696000000, 0x0000000696000000, 0x0000000696400000|  0%| F|  |TAMS 0x0000000696000000| PB 0x0000000696000000| Untracked |  0
|  47|0x0000000696400000, 0x0000000696400000, 0x0000000696800000|  0%| F|  |TAMS 0x0000000696400000| PB 0x0000000696400000| Untracked |  0
|  48|0x0000000696800000, 0x0000000696800000, 0x0000000696c00000|  0%| F|  |TAMS 0x0000000696800000| PB 0x0000000696800000| Untracked |  0
|  49|0x0000000696c00000, 0x0000000696c00000, 0x0000000697000000|  0%| F|  |TAMS 0x0000000696c00000| PB 0x0000000696c00000| Untracked |  0
|  50|0x0000000697000000, 0x0000000697000000, 0x0000000697400000|  0%| F|  |TAMS 0x0000000697000000| PB 0x0000000697000000| Untracked |  0
|  51|0x0000000697400000, 0x0000000697400000, 0x0000000697800000|  0%| F|  |TAMS 0x0000000697400000| PB 0x0000000697400000| Untracked |  0
|  52|0x0000000697800000, 0x0000000697800000, 0x0000000697c00000|  0%| F|  |TAMS 0x0000000697800000| PB 0x0000000697800000| Untracked |  0
|  53|0x0000000697c00000, 0x0000000697c00000, 0x0000000698000000|  0%| F|  |TAMS 0x0000000697c00000| PB 0x0000000697c00000| Untracked |  0
|  54|0x0000000698000000, 0x0000000698000000, 0x0000000698400000|  0%| F|  |TAMS 0x0000000698000000| PB 0x0000000698000000| Untracked |  0
|  55|0x0000000698400000, 0x0000000698400000, 0x0000000698800000|  0%| F|  |TAMS 0x0000000698400000| PB 0x0000000698400000| Untracked |  0
|  56|0x0000000698800000, 0x0000000698800000, 0x0000000698c00000|  0%| F|  |TAMS 0x0000000698800000| PB 0x0000000698800000| Untracked |  0
|  57|0x0000000698c00000, 0x0000000698c00000, 0x0000000699000000|  0%| F|  |TAMS 0x0000000698c00000| PB 0x0000000698c00000| Untracked |  0
|  58|0x0000000699000000, 0x0000000699000000, 0x0000000699400000|  0%| F|  |TAMS 0x0000000699000000| PB 0x0000000699000000| Untracked |  0
|  59|0x0000000699400000, 0x0000000699400000, 0x0000000699800000|  0%| F|  |TAMS 0x0000000699400000| PB 0x0000000699400000| Untracked |  0
|  60|0x0000000699800000, 0x0000000699800000, 0x0000000699c00000|  0%| F|  |TAMS 0x0000000699800000| PB 0x0000000699800000| Untracked |  0
|  61|0x0000000699c00000, 0x0000000699c00000, 0x000000069a000000|  0%| F|  |TAMS 0x0000000699c00000| PB 0x0000000699c00000| Untracked |  0
|  62|0x000000069a000000, 0x000000069a000000, 0x000000069a400000|  0%| F|  |TAMS 0x000000069a000000| PB 0x000000069a000000| Untracked |  0
|  63|0x000000069a400000, 0x000000069a400000, 0x000000069a800000|  0%| F|  |TAMS 0x000000069a400000| PB 0x000000069a400000| Untracked |  0
|  64|0x000000069a800000, 0x000000069a800000, 0x000000069ac00000|  0%| F|  |TAMS 0x000000069a800000| PB 0x000000069a800000| Untracked |  0
|  65|0x000000069ac00000, 0x000000069ac00000, 0x000000069b000000|  0%| F|  |TAMS 0x000000069ac00000| PB 0x000000069ac00000| Untracked |  0
|  66|0x000000069b000000, 0x000000069b000000, 0x000000069b400000|  0%| F|  |TAMS 0x000000069b000000| PB 0x000000069b000000| Untracked |  0
|  67|0x000000069b400000, 0x000000069b400000, 0x000000069b800000|  0%| F|  |TAMS 0x000000069b400000| PB 0x000000069b400000| Untracked |  0
|  68|0x000000069b800000, 0x000000069b800000, 0x000000069bc00000|  0%| F|  |TAMS 0x000000069b800000| PB 0x000000069b800000| Untracked |  0
|  69|0x000000069bc00000, 0x000000069bc00000, 0x000000069c000000|  0%| F|  |TAMS 0x000000069bc00000| PB 0x000000069bc00000| Untracked |  0
|  70|0x000000069c000000, 0x000000069c000000, 0x000000069c400000|  0%| F|  |TAMS 0x000000069c000000| PB 0x000000069c000000| Untracked |  0
|  71|0x000000069c400000, 0x000000069c400000, 0x000000069c800000|  0%| F|  |TAMS 0x000000069c400000| PB 0x000000069c400000| Untracked |  0
|  72|0x000000069c800000, 0x000000069c800000, 0x000000069cc00000|  0%| F|  |TAMS 0x000000069c800000| PB 0x000000069c800000| Untracked |  0
|  73|0x000000069cc00000, 0x000000069cc00000, 0x000000069d000000|  0%| F|  |TAMS 0x000000069cc00000| PB 0x000000069cc00000| Untracked |  0
|  74|0x000000069d000000, 0x000000069d000000, 0x000000069d400000|  0%| F|  |TAMS 0x000000069d000000| PB 0x000000069d000000| Untracked |  0
|  75|0x000000069d400000, 0x000000069d400000, 0x000000069d800000|  0%| F|  |TAMS 0x000000069d400000| PB 0x000000069d400000| Untracked |  0
|  76|0x000000069d800000, 0x000000069d800000, 0x000000069dc00000|  0%| F|  |TAMS 0x000000069d800000| PB 0x000000069d800000| Untracked |  0
|  77|0x000000069dc00000, 0x000000069dc00000, 0x000000069e000000|  0%| F|  |TAMS 0x000000069dc00000| PB 0x000000069dc00000| Untracked |  0
|  78|0x000000069e000000, 0x000000069e000000, 0x000000069e400000|  0%| F|  |TAMS 0x000000069e000000| PB 0x000000069e000000| Untracked |  0
|  79|0x000000069e400000, 0x000000069e400000, 0x000000069e800000|  0%| F|  |TAMS 0x000000069e400000| PB 0x000000069e400000| Untracked |  0
|  80|0x000000069e800000, 0x000000069e800000, 0x000000069ec00000|  0%| F|  |TAMS 0x000000069e800000| PB 0x000000069e800000| Untracked |  0
|  81|0x000000069ec00000, 0x000000069ec00000, 0x000000069f000000|  0%| F|  |TAMS 0x000000069ec00000| PB 0x000000069ec00000| Untracked |  0
|  82|0x000000069f000000, 0x000000069f000000, 0x000000069f400000|  0%| F|  |TAMS 0x000000069f000000| PB 0x000000069f000000| Untracked |  0
|  83|0x000000069f400000, 0x000000069f400000, 0x000000069f800000|  0%| F|  |TAMS 0x000000069f400000| PB 0x000000069f400000| Untracked |  0
|  84|0x000000069f800000, 0x000000069f800000, 0x000000069fc00000|  0%| F|  |TAMS 0x000000069f800000| PB 0x000000069f800000| Untracked |  0
|  85|0x000000069fc00000, 0x000000069fc00000, 0x00000006a0000000|  0%| F|  |TAMS 0x000000069fc00000| PB 0x000000069fc00000| Untracked |  0
|  86|0x00000006a0000000, 0x00000006a0000000, 0x00000006a0400000|  0%| F|  |TAMS 0x00000006a0000000| PB 0x00000006a0000000| Untracked |  0
|  87|0x00000006a0400000, 0x00000006a0400000, 0x00000006a0800000|  0%| F|  |TAMS 0x00000006a0400000| PB 0x00000006a0400000| Untracked |  0
|  88|0x00000006a0800000, 0x00000006a09eb8a8, 0x00000006a0c00000| 48%| E|  |TAMS 0x00000006a0800000| PB 0x00000006a0800000| Complete |  0
|  89|0x00000006a0c00000, 0x00000006a1000000, 0x00000006a1000000|100%| E|CS|TAMS 0x00000006a0c00000| PB 0x00000006a0c00000| Complete |  0
|  90|0x00000006a1000000, 0x00000006a1400000, 0x00000006a1400000|100%| E|CS|TAMS 0x00000006a1000000| PB 0x00000006a1000000| Complete |  0
|  91|0x00000006a1400000, 0x00000006a1800000, 0x00000006a1800000|100%| E|CS|TAMS 0x00000006a1400000| PB 0x00000006a1400000| Complete |  0
|  92|0x00000006a1800000, 0x00000006a1c00000, 0x00000006a1c00000|100%| E|CS|TAMS 0x00000006a1800000| PB 0x00000006a1800000| Complete |  0
|  93|0x00000006a1c00000, 0x00000006a2000000, 0x00000006a2000000|100%| E|CS|TAMS 0x00000006a1c00000| PB 0x00000006a1c00000| Complete |  0
|1493|0x00000007ffc00000, 0x00000007ffd1c288, 0x0000000800000000| 27%| O|  |TAMS 0x00000007ffc00000| PB 0x00000007ffc00000| Untracked |  0

Card table byte_map: [0x000001a43cf00000,0x000001a43dab0000] _byte_map_base: 0x000001a439aac000

Marking Bits: (CMBitMap*) 0x000001a423694bb0
 Bits: [0x000001a43dab0000, 0x000001a443810000)

Polling page: 0x000001a423200000

Metaspace:

Usage:
  Non-class:      5.63 MB used.
      Class:    499.93 KB used.
       Both:      6.11 MB used.

Virtual space:
  Non-class space:       64.00 MB reserved,       5.75 MB (  9%) committed,  1 nodes.
      Class space:        1.00 GB reserved,     640.00 KB ( <1%) committed,  1 nodes.
             Both:        1.06 GB reserved,       6.38 MB ( <1%) committed. 

Chunk freelists:
   Non-Class:  10.17 MB
       Class:  15.25 MB
        Both:  25.42 MB

MaxMetaspaceSize: unlimited
CompressedClassSpaceSize: 1.00 GB
Initial GC threshold: 21.00 MB
Current GC threshold: 21.00 MB
CDS: on
 - commit_granule_bytes: 65536.
 - commit_granule_words: 8192.
 - virtual_space_node_default_size: 8388608.
 - enlarge_chunks_in_place: 1.
UseCompressedClassPointers 1, UseCompactObjectHeaders 0
Narrow klass pointer bits 32, Max shift 3
Narrow klass base: 0x000001a447000000, Narrow klass shift: 0
Encoding Range: [0x000001a447000000 - 0x000001a547000000), (4294967296 bytes)
Klass Range:    [0x000001a447000000 - 0x000001a488000000), (1090519040 bytes)
Klass ID Range:  [8 - 1090519033) (1090519025)


Internal statistics:

num_allocs_failed_limit: 0.
num_arena_births: 72.
num_arena_deaths: 0.
num_vsnodes_births: 2.
num_vsnodes_deaths: 0.
num_space_committed: 102.
num_space_uncommitted: 0.
num_chunks_returned_to_freelist: 0.
num_chunks_taken_from_freelist: 85.
num_chunk_merges: 0.
num_chunk_splits: 55.
num_chunks_enlarged: 34.
num_inconsistent_stats: 0.

CodeHeap 'non-profiled nmethods': size=120064Kb used=415Kb max_used=415Kb free=119648Kb
 bounds [0x000001a434590000, 0x000001a434800000, 0x000001a43bad0000]
CodeHeap 'profiled nmethods': size=120000Kb used=1823Kb max_used=1823Kb free=118176Kb
 bounds [0x000001a42cad0000, 0x000001a42cd40000, 0x000001a434000000]
CodeHeap 'non-nmethods': size=5696Kb used=1309Kb max_used=1345Kb free=4386Kb
 bounds [0x000001a434000000, 0x000001a434270000, 0x000001a434590000]
CodeCache: size=245760Kb, used=3547Kb, max_used=3583Kb, free=242210Kb
 total_blobs=1829, nmethods=1355, adapters=379, full_count=0
Compilation: enabled, stopped_count=0, restarted_count=0

Compilation events (20 events):
Event: 0.783 Thread 0x000001a446203f40 1313       1       jdk.jfr.internal.PlatformEventType::isEnabled (5 bytes)
Event: 0.783 Thread 0x000001a446203f40 nmethod 1313 0x000001a4345f3c88 code [0x000001a4345f3d80, 0x000001a4345f3e48]
Event: 0.783 Thread 0x000001a446203f40 1315   !   3       jdk.jfr.internal.Control::setValue (102 bytes)
Event: 0.783 Thread 0x000001a446201970 nmethod 1265 0x000001a4345f3f88 code [0x000001a4345f41e0, 0x000001a4345f5128]
Event: 0.783 Thread 0x000001a446203f40 nmethod 1315 0x000001a42cc88208 code [0x000001a42cc884a0, 0x000001a42cc89920]
Event: 0.784 Thread 0x000001a446203f40 1316       1       jdk.jfr.internal.periodic.EventTask::getEventType (5 bytes)
Event: 0.784 Thread 0x000001a446203f40 nmethod 1316 0x000001a4345f5208 code [0x000001a4345f5300, 0x000001a4345f53c8]
Event: 0.784 Thread 0x000001a446203f40 1317       1       jdk.jfr.internal.periodic.PeriodicTask::getPeriod (5 bytes)
Event: 0.784 Thread 0x000001a446203f40 nmethod 1317 0x000001a4345f5508 code [0x000001a4345f5600, 0x000001a4345f56c8]
Event: 0.784 Thread 0x000001a446203f40 1318       3       java.util.Comparator$$Lambda/0x000001a44803adf8::compare (10 bytes)
Event: 0.784 Thread 0x000001a446203020 nmethod 1314 0x000001a4345f5808 code [0x000001a4345f5920, 0x000001a4345f5f28]
Event: 0.784 Thread 0x000001a446203f40 nmethod 1318 0x000001a42cc89a08 code [0x000001a42cc89b60, 0x000001a42cc89ff0]
Event: 0.784 Thread 0x000001a446203f40 1319       3       java.util.Comparator::lambda$comparingLong$6043328a$1 (18 bytes)
Event: 0.785 Thread 0x000001a446203f40 nmethod 1319 0x000001a42cc8a088 code [0x000001a42cc8a1e0, 0x000001a42cc8a5d8]
Event: 0.785 Thread 0x000001a446203f40 1320       1       java.lang.classfile.ClassFile::latestMajorVersion (3 bytes)
Event: 0.785 Thread 0x000001a446203f40 nmethod 1320 0x000001a4345f5f88 code [0x000001a4345f6080, 0x000001a4345f6128]
Event: 0.785 Thread 0x000001a446203f40 1321       1       java.lang.classfile.ClassFile::latestMinorVersion (2 bytes)
Event: 0.785 Thread 0x000001a446203f40 nmethod 1321 0x000001a4345f6288 code [0x000001a4345f6380, 0x000001a4345f6428]
Event: 0.785 Thread 0x000001a446203f40 1322       1       jdk.internal.classfile.impl.DirectClassBuilder::setFlags (6 bytes)
Event: 0.785 Thread 0x000001a446203f40 nmethod 1322 0x000001a4345f6588 code [0x000001a4345f6680, 0x000001a4345f6748]

GC Heap History (0 events):
No events

Dll operation events (9 events):
Event: 0.031 Loaded shared library C:\Users\hp\.jdks\openjdk-24.0.1\bin\java.dll
Event: 0.034 Loaded shared library C:\Users\hp\.jdks\openjdk-24.0.1\bin\zip.dll
Event: 0.064 Loaded shared library C:\Users\hp\.jdks\openjdk-24.0.1\bin\jsvml.dll
Event: 0.157 Loaded shared library C:\Users\hp\.jdks\openjdk-24.0.1\bin\instrument.dll
Event: 0.163 Loaded shared library C:\Users\hp\.jdks\openjdk-24.0.1\bin\net.dll
Event: 0.167 Loaded shared library C:\Users\hp\.jdks\openjdk-24.0.1\bin\nio.dll
Event: 0.175 Loaded shared library C:\Users\hp\.jdks\openjdk-24.0.1\bin\zip.dll
Event: 0.233 Loaded shared library C:\Users\hp\.jdks\openjdk-24.0.1\bin\extnet.dll
Event: 0.358 Loaded shared library C:\Users\hp\.jdks\openjdk-24.0.1\bin\jimage.dll

Deoptimization events (20 events):
Event: 0.704 Thread 0x000001a421852da0 Uncommon trap: trap_request=0xffffffd6 fr.pc=0x000001a4345e437c relative=0x000000000000071c
Event: 0.704 Thread 0x000001a421852da0 Uncommon trap: reason=array_check action=maybe_recompile pc=0x000001a4345e437c method=jdk.internal.classfile.impl.SplitConstantPool.internalAdd(Ljava/lang/classfile/constantpool/PoolEntry;I)Ljava/lang/classfile/constantpool/PoolEntry; @ 46 c2
Event: 0.704 Thread 0x000001a421852da0 DEOPT PACKING pc=0x000001a4345e437c sp=0x0000000600cfceb0
Event: 0.704 Thread 0x000001a421852da0 DEOPT UNPACKING pc=0x000001a434116002 sp=0x0000000600cfce18 mode 2
Event: 0.704 Thread 0x000001a421852da0 Uncommon trap: trap_request=0xffffffd6 fr.pc=0x000001a4345e437c relative=0x000000000000071c
Event: 0.704 Thread 0x000001a421852da0 Uncommon trap: reason=array_check action=maybe_recompile pc=0x000001a4345e437c method=jdk.internal.classfile.impl.SplitConstantPool.internalAdd(Ljava/lang/classfile/constantpool/PoolEntry;I)Ljava/lang/classfile/constantpool/PoolEntry; @ 46 c2
Event: 0.704 Thread 0x000001a421852da0 DEOPT PACKING pc=0x000001a4345e437c sp=0x0000000600cfd230
Event: 0.704 Thread 0x000001a421852da0 DEOPT UNPACKING pc=0x000001a434116002 sp=0x0000000600cfd198 mode 2
Event: 0.704 Thread 0x000001a421852da0 Uncommon trap: trap_request=0xffffffd6 fr.pc=0x000001a4345e437c relative=0x000000000000071c
Event: 0.704 Thread 0x000001a421852da0 Uncommon trap: reason=array_check action=maybe_recompile pc=0x000001a4345e437c method=jdk.internal.classfile.impl.SplitConstantPool.internalAdd(Ljava/lang/classfile/constantpool/PoolEntry;I)Ljava/lang/classfile/constantpool/PoolEntry; @ 46 c2
Event: 0.704 Thread 0x000001a421852da0 DEOPT PACKING pc=0x000001a4345e437c sp=0x0000000600cfceb0
Event: 0.705 Thread 0x000001a421852da0 DEOPT UNPACKING pc=0x000001a434116002 sp=0x0000000600cfce18 mode 2
Event: 0.763 Thread 0x000001a421852da0 Uncommon trap: trap_request=0xffffff4d fr.pc=0x000001a4345ecb1c relative=0x00000000000003fc
Event: 0.763 Thread 0x000001a421852da0 Uncommon trap: reason=unstable_if action=reinterpret pc=0x000001a4345ecb1c method=java.io.ByteArrayOutputStream.ensureCapacity(I)V @ 11 c2
Event: 0.763 Thread 0x000001a421852da0 DEOPT PACKING pc=0x000001a4345ecb1c sp=0x0000000600cfdfe0
Event: 0.763 Thread 0x000001a421852da0 DEOPT UNPACKING pc=0x000001a434116002 sp=0x0000000600cfded0 mode 2
Event: 0.767 Thread 0x000001a421852da0 Uncommon trap: trap_request=0xffffff4d fr.pc=0x000001a4345ec53c relative=0x000000000000021c
Event: 0.767 Thread 0x000001a421852da0 Uncommon trap: reason=unstable_if action=reinterpret pc=0x000001a4345ec53c method=java.io.ByteArrayOutputStream.ensureCapacity(I)V @ 11 c2
Event: 0.767 Thread 0x000001a421852da0 DEOPT PACKING pc=0x000001a4345ec53c sp=0x0000000600cfdea0
Event: 0.767 Thread 0x000001a421852da0 DEOPT UNPACKING pc=0x000001a434116002 sp=0x0000000600cfdde8 mode 2

Classes loaded (20 events):
Event: 0.747 Loading class jdk/jfr/internal/MetadataWriter
Event: 0.748 Loading class jdk/jfr/internal/MetadataWriter done
Event: 0.748 Loading class jdk/jfr/internal/MetadataDescriptor$Element
Event: 0.748 Loading class jdk/jfr/internal/MetadataDescriptor$Element done
Event: 0.749 Loading class jdk/jfr/internal/MetadataDescriptor$Attribute
Event: 0.749 Loading class jdk/jfr/internal/MetadataDescriptor$Attribute done
Event: 0.758 Loading class jdk/jfr/internal/consumer/StringParser$Encoding
Event: 0.758 Loading class jdk/jfr/internal/consumer/StringParser$Encoding done
Event: 0.773 Loading class jdk/jfr/internal/consumer/RepositoryFiles
Event: 0.775 Loading class jdk/jfr/internal/consumer/RepositoryFiles done
Event: 0.777 Loading class jdk/jfr/internal/SettingsManager$InternalSetting
Event: 0.778 Loading class jdk/jfr/internal/SettingsManager$InternalSetting done
Event: 0.780 Loading class jdk/jfr/internal/util/Rate
Event: 0.780 Loading class jdk/jfr/internal/util/Rate done
Event: 0.780 Loading class jdk/jfr/internal/util/TimespanUnit
Event: 0.780 Loading class jdk/jfr/internal/util/TimespanUnit done
Event: 0.780 Loading class jdk/jfr/internal/util/ValueParser
Event: 0.781 Loading class jdk/jfr/internal/util/ValueParser done
Event: 0.783 Loading class jdk/jfr/internal/periodic/PeriodicType
Event: 0.783 Loading class jdk/jfr/internal/periodic/PeriodicType done

Classes unloaded (0 events):
No events

Classes redefined (1 events):
Event: 0.235 Thread 0x000001a42378e9d0 redefined class name=java.lang.Throwable, count=1

Internal exceptions (19 events):
Event: 0.183 Thread 0x000001a421852da0 Exception <a 'java/lang/NoSuchMethodError'{0x00000006a1f34450}: 'void java.lang.invoke.DirectMethodHandle$Holder.invokeStatic(java.lang.Object, java.lang.Object, java.lang.Object)'> (0x00000006a1f34450) 
thrown [s\open\src\hotspot\share\interpreter\linkResolver.cpp, line 805]
Event: 0.198 Thread 0x000001a421852da0 Exception <a 'java/lang/NoSuchMethodError'{0x00000006a1f69010}: 'java.lang.Object java.lang.invoke.Invokers$Holder.invokeExact_MT(java.lang.Object, java.lang.Object, java.lang.Object, java.lang.Object, java.lang.Object)'> (0x00000006a1f69010) 
thrown [s\open\src\hotspot\share\interpreter\linkResolver.cpp, line 805]
Event: 0.229 Thread 0x000001a4464d43c0 Exception <a 'java/lang/NoSuchMethodError'{0x00000006a183faa0}: 'java.lang.Object java.lang.invoke.DirectMethodHandle$Holder.invokeStaticInit(java.lang.Object)'> (0x00000006a183faa0) 
thrown [s\open\src\hotspot\share\interpreter\linkResolver.cpp, line 805]
Event: 0.238 Thread 0x000001a4464d43c0 Exception <a 'java/lang/NoSuchMethodError'{0x00000006a184c3b0}: 'void java.lang.invoke.DirectMethodHandle$Holder.invokeStatic(java.lang.Object, java.lang.Object)'> (0x00000006a184c3b0) 
thrown [s\open\src\hotspot\share\interpreter\linkResolver.cpp, line 805]
Event: 0.247 Thread 0x000001a421852da0 Exception <a 'java/lang/NoSuchMethodError'{0x00000006a192eea8}: 'java.lang.Object java.lang.invoke.DirectMethodHandle$Holder.invokeStaticInit(java.lang.Object, java.lang.Object, java.lang.Object)'> (0x00000006a192eea8) 
thrown [s\open\src\hotspot\share\interpreter\linkResolver.cpp, line 805]
Event: 0.406 Thread 0x000001a421852da0 Exception <a 'java/lang/NoSuchMethodError'{0x00000006a14bc4b8}: 'java.lang.Object java.lang.invoke.DirectMethodHandle$Holder.invokeStatic(java.lang.Object, int, java.lang.Object)'> (0x00000006a14bc4b8) 
thrown [s\open\src\hotspot\share\interpreter\linkResolver.cpp, line 805]
Event: 0.448 Thread 0x000001a421852da0 Exception <a 'java/lang/NoSuchMethodError'{0x00000006a1580c18}: 'void java.lang.invoke.DirectMethodHandle$Holder.invokeStaticInit(java.lang.Object)'> (0x00000006a1580c18) 
thrown [s\open\src\hotspot\share\interpreter\linkResolver.cpp, line 805]
Event: 0.485 Thread 0x000001a421852da0 Exception <a 'java/lang/NoSuchMethodError'{0x00000006a1633498}: 'void java.lang.invoke.DirectMethodHandle$Holder.invokeSpecial(java.lang.Object, java.lang.Object, java.lang.Object)'> (0x00000006a1633498) 
thrown [s\open\src\hotspot\share\interpreter\linkResolver.cpp, line 805]
Event: 0.509 Thread 0x000001a421852da0 Exception <a 'java/lang/NoSuchMethodError'{0x00000006a16ae178}: 'java.lang.Object java.lang.invoke.DirectMethodHandle$Holder.newInvokeSpecial(java.lang.Object, java.lang.Object, java.lang.Object, java.lang.Object, java.lang.Object)'> (0x00000006a16ae178) 
thrown [s\open\src\hotspot\share\interpreter\linkResolver.cpp, line 805]
Event: 0.568 Thread 0x000001a421852da0 Exception <a 'java/lang/NoSuchMethodError'{0x00000006a1064338}: 'long java.lang.invoke.DirectMethodHandle$Holder.invokeVirtual(java.lang.Object, java.lang.Object)'> (0x00000006a1064338) 
thrown [s\open\src\hotspot\share\interpreter\linkResolver.cpp, line 805]
Event: 0.638 Thread 0x000001a421852da0 Exception <a 'java/lang/NoSuchMethodError'{0x00000006a12d9548}: 'int java.lang.invoke.DirectMethodHandle$Holder.invokeSpecial(java.lang.Object, java.lang.Object, java.lang.Object)'> (0x00000006a12d9548) 
thrown [s\open\src\hotspot\share\interpreter\linkResolver.cpp, line 805]
Event: 0.707 Thread 0x000001a421852da0 Exception <a 'java/lang/NoSuchMethodError'{0x00000006a0cad4d8}: 'void java.lang.invoke.DirectMethodHandle$Holder.invokeSpecial(java.lang.Object, java.lang.Object, int)'> (0x00000006a0cad4d8) 
thrown [s\open\src\hotspot\share\interpreter\linkResolver.cpp, line 805]
Event: 0.708 Thread 0x000001a421852da0 Exception <a 'java/lang/NoSuchMethodError'{0x00000006a0cb5118}: 'void java.lang.invoke.Invokers$Holder.invokeExact_MT(java.lang.Object, int, java.lang.Object)'> (0x00000006a0cb5118) 
thrown [s\open\src\hotspot\share\interpreter\linkResolver.cpp, line 805]
Event: 0.715 Thread 0x000001a421852da0 Exception <a 'java/lang/NoSuchMethodError'{0x00000006a0cd1158}: 'void java.lang.invoke.DirectMethodHandle$Holder.invokeStatic(java.lang.Object, java.lang.Object, int)'> (0x00000006a0cd1158) 
thrown [s\open\src\hotspot\share\interpreter\linkResolver.cpp, line 805]
Event: 0.717 Thread 0x000001a421852da0 Exception <a 'java/lang/NoSuchMethodError'{0x00000006a0ce0938}: 'java.lang.Object java.lang.invoke.DirectMethodHandle$Holder.newInvokeSpecial(java.lang.Object, java.lang.Object, int)'> (0x00000006a0ce0938) 
thrown [s\open\src\hotspot\share\interpreter\linkResolver.cpp, line 805]
Event: 0.719 Thread 0x000001a48d1b6710 Exception <a 'java/lang/NoSuchMethodError'{0x00000006a0cf7760}: 'long java.lang.invoke.DirectMethodHandle$Holder.invokeSpecial(java.lang.Object, java.lang.Object)'> (0x00000006a0cf7760) 
thrown [s\open\src\hotspot\share\interpreter\linkResolver.cpp, line 805]
Event: 0.726 Thread 0x000001a421852da0 Exception <a 'sun/nio/fs/WindowsException'{0x00000006a0e25bc8}> (0x00000006a0e25bc8) 
thrown [s\open\src\hotspot\share\prims\jni.cpp, line 518]
Event: 0.731 Thread 0x000001a421852da0 Exception <a 'sun/nio/fs/WindowsException'{0x00000006a0e34298}> (0x00000006a0e34298) 
thrown [s\open\src\hotspot\share\prims\jni.cpp, line 518]
Event: 0.740 Thread 0x000001a421852da0 Exception <a 'sun/nio/fs/WindowsException'{0x00000006a0e46a40}> (0x00000006a0e46a40) 
thrown [s\open\src\hotspot\share\prims\jni.cpp, line 518]

VM Operations (8 events):
Event: 0.136 Executing VM operation: HandshakeAllThreads (Deoptimize)
Event: 0.136 Executing VM operation: HandshakeAllThreads (Deoptimize) done
Event: 0.235 Executing VM operation: RedefineClasses
Event: 0.237 Executing VM operation: RedefineClasses done
Event: 0.719 Executing VM operation: HandshakeAllThreads (Deoptimize)
Event: 0.719 Executing VM operation: HandshakeAllThreads (Deoptimize) done
Event: 0.775 Executing VM operation: JFRSafepointClear
Event: 0.775 Executing VM operation: JFRSafepointClear done

Memory protections (0 events):
No events

Nmethod flushes (0 events):
No events

Events (15 events):
Event: 0.050 Thread 0x000001a421852da0 Thread added: 0x000001a421852da0
Event: 0.062 Thread 0x000001a421852da0 Thread added: 0x000001a4461dff30
Event: 0.062 Thread 0x000001a421852da0 Thread added: 0x000001a4461e3790
Event: 0.062 Thread 0x000001a421852da0 Thread added: 0x000001a4461e9ad0
Event: 0.062 Thread 0x000001a421852da0 Thread added: 0x000001a4461eace0
Event: 0.062 Thread 0x000001a421852da0 Thread added: 0x000001a4461ef660
Event: 0.062 Thread 0x000001a421852da0 Thread added: 0x000001a4461f09e0
Event: 0.062 Thread 0x000001a421852da0 Thread added: 0x000001a4461fce40
Event: 0.062 Thread 0x000001a421852da0 Thread added: 0x000001a446203f40
Event: 0.146 Thread 0x000001a446203f40 Thread added: 0x000001a446201970
Event: 0.159 Thread 0x000001a421852da0 Thread added: 0x000001a4464e23e0
Event: 0.202 Thread 0x000001a421852da0 Thread added: 0x000001a4464d43c0
Event: 0.441 Thread 0x000001a421852da0 Thread added: 0x000001a48ce88590
Event: 0.585 Thread 0x000001a446203f40 Thread added: 0x000001a446203020
Event: 0.718 Thread 0x000001a421852da0 Thread added: 0x000001a48d1b6710


Dynamic libraries:
0x00007ff7e47a0000 - 0x00007ff7e47ae000 	C:\Users\hp\.jdks\openjdk-24.0.1\bin\java.exe
0x00007fff02250000 - 0x00007fff02467000 	C:\WINDOWS\SYSTEM32\ntdll.dll
0x00007fff00c60000 - 0x00007fff00d24000 	C:\WINDOWS\System32\KERNEL32.DLL
0x00007ffeffa50000 - 0x00007ffeffe23000 	C:\WINDOWS\System32\KERNELBASE.dll
0x00007ffeff6d0000 - 0x00007ffeff7e1000 	C:\WINDOWS\System32\ucrtbase.dll
0x00007ffef9860000 - 0x00007ffef9876000 	C:\Users\hp\.jdks\openjdk-24.0.1\bin\jli.dll
0x00007ffef0b70000 - 0x00007ffef0b8b000 	C:\Users\hp\.jdks\openjdk-24.0.1\bin\VCRUNTIME140.dll
0x00007ffeffef0000 - 0x00007fff000a1000 	C:\WINDOWS\System32\USER32.dll
0x00007ffeff600000 - 0x00007ffeff626000 	C:\WINDOWS\System32\win32u.dll
0x00007fff01280000 - 0x00007fff012a9000 	C:\WINDOWS\System32\GDI32.dll
0x00007ffeff7f0000 - 0x00007ffeff90b000 	C:\WINDOWS\System32\gdi32full.dll
0x00007ffeff630000 - 0x00007ffeff6ca000 	C:\WINDOWS\System32\msvcp_win.dll
0x00007ffee0e90000 - 0x00007ffee112a000 	C:\WINDOWS\WinSxS\amd64_microsoft.windows.common-controls_6595b64144ccf1df_6.0.22621.5090_none_2715ec9973802129\COMCTL32.dll
0x00007fff00d50000 - 0x00007fff00df7000 	C:\WINDOWS\System32\msvcrt.dll
0x00007fff00fe0000 - 0x00007fff01011000 	C:\WINDOWS\System32\IMM32.DLL
0x00007ffef7200000 - 0x00007ffef720c000 	C:\Users\hp\.jdks\openjdk-24.0.1\bin\vcruntime140_1.dll
0x00007ffef07d0000 - 0x00007ffef085e000 	C:\Users\hp\.jdks\openjdk-24.0.1\bin\msvcp140.dll
0x00007ffeb9400000 - 0x00007ffeba1a2000 	C:\Users\hp\.jdks\openjdk-24.0.1\bin\server\jvm.dll
0x00007fff011c0000 - 0x00007fff01271000 	C:\WINDOWS\System32\ADVAPI32.dll
0x00007fff010a0000 - 0x00007fff01147000 	C:\WINDOWS\System32\sechost.dll
0x00007ffeff550000 - 0x00007ffeff578000 	C:\WINDOWS\System32\bcrypt.dll
0x00007fff00430000 - 0x00007fff00544000 	C:\WINDOWS\System32\RPCRT4.dll
0x00007fff00be0000 - 0x00007fff00c51000 	C:\WINDOWS\System32\WS2_32.dll
0x00007ffeff080000 - 0x00007ffeff0cd000 	C:\WINDOWS\SYSTEM32\POWRPROF.dll
0x00007ffef8e90000 - 0x00007ffef8ec4000 	C:\WINDOWS\SYSTEM32\WINMM.dll
0x00007ffefcb90000 - 0x00007ffefcb9a000 	C:\WINDOWS\SYSTEM32\VERSION.dll
0x00007ffeff060000 - 0x00007ffeff073000 	C:\WINDOWS\SYSTEM32\UMPDC.dll
0x00007ffefe3a0000 - 0x00007ffefe3b8000 	C:\WINDOWS\SYSTEM32\kernel.appcore.dll
0x00007ffef0bd0000 - 0x00007ffef0bda000 	C:\Users\hp\.jdks\openjdk-24.0.1\bin\jimage.dll
0x00007ffefc910000 - 0x00007ffefcb42000 	C:\WINDOWS\SYSTEM32\DBGHELP.DLL
0x00007fff00710000 - 0x00007fff00aa2000 	C:\WINDOWS\System32\combase.dll
0x00007fff00e00000 - 0x00007fff00ed7000 	C:\WINDOWS\System32\OLEAUT32.dll
0x00007ffee72b0000 - 0x00007ffee72e2000 	C:\WINDOWS\SYSTEM32\dbgcore.DLL
0x00007ffeff580000 - 0x00007ffeff5fb000 	C:\WINDOWS\System32\bcryptPrimitives.dll
0x00007ffef04c0000 - 0x00007ffef04cf000 	C:\Users\hp\.jdks\openjdk-24.0.1\bin\instrument.dll
0x00007ffef07b0000 - 0x00007ffef07ce000 	C:\Users\hp\.jdks\openjdk-24.0.1\bin\java.dll
0x00007fff00280000 - 0x00007fff00421000 	C:\WINDOWS\System32\ole32.dll
0x00007fff01970000 - 0x00007fff0220b000 	C:\WINDOWS\System32\SHELL32.dll
0x00007ffeff910000 - 0x00007ffeffa4f000 	C:\WINDOWS\System32\wintypes.dll
0x00007ffebe850000 - 0x00007ffebea5e000 	C:\Users\hp\AppData\Local\Temp\idea_libasyncProfiler_dll_temp_folder2\libasyncProfiler.dll
0x00007ffef04d0000 - 0x00007ffef04e7000 	C:\Users\hp\.jdks\openjdk-24.0.1\bin\zip.dll
0x00007ffefd2a0000 - 0x00007ffefdbbe000 	C:\WINDOWS\SYSTEM32\windows.storage.dll
0x00007fff00ab0000 - 0x00007fff00bba000 	C:\WINDOWS\System32\SHCORE.dll
0x00007fff000b0000 - 0x00007fff00118000 	C:\WINDOWS\System32\shlwapi.dll
0x00007ffeff290000 - 0x00007ffeff2bb000 	C:\WINDOWS\SYSTEM32\profapi.dll
0x00007ffee56a0000 - 0x00007ffee5777000 	C:\Users\hp\.jdks\openjdk-24.0.1\bin\jsvml.dll
0x00007ffef0ba0000 - 0x00007ffef0bb0000 	C:\Users\hp\.jdks\openjdk-24.0.1\bin\net.dll
0x00007ffefe820000 - 0x00007ffefe88a000 	C:\WINDOWS\system32\mswsock.dll
0x00007ffef0500000 - 0x00007ffef0516000 	C:\Users\hp\.jdks\openjdk-24.0.1\bin\nio.dll
0x00007ffeef8f0000 - 0x00007ffeef8f9000 	C:\Users\hp\.jdks\openjdk-24.0.1\bin\extnet.dll

JVMTI agents:
C:\Program Files\JetBrains\IntelliJ IDEA 2024.3.5\lib\idea_rt.jar path:C:\Users\hp\.jdks\openjdk-24.0.1\bin\instrument.dll, loaded, initialized, instrumentlib options:56232
C:\Users\hp\AppData\Local\JetBrains\IntelliJIdea2024.3\captureAgent\debugger-agent.jar path:C:\Users\hp\.jdks\openjdk-24.0.1\bin\instrument.dll, loaded, initialized, instrumentlib options:none
C:\Users\hp\AppData\Local\Temp\idea_libasyncProfiler_dll_temp_folder2\libasyncProfiler.dll path:C:\Users\hp\AppData\Local\Temp\idea_libasyncProfiler_dll_temp_folder2\libasyncProfiler.dll, loaded, initialized, options:start,jfr,event=wall,interval=10ms,jfrsync=profile,cstack=no,file=C:\Users\hp\IdeaSnapshots\AccountManagerTest_2025_05_09_201857.jfr,dbghelppath=C:\Users\hp\AppData\Local\Temp\idea_dbghelp_dll_temp_folder\dbghelp.dll,log=C:\Users\hp\AppData\Local\Temp\AccountManagerTest_2025_05_09_201857.jfr.log.txt,logLevel=DEBUG

dbghelp: loaded successfully - version: 4.0.5 - missing functions: none
symbol engine: initialized successfully - sym options: 0x614 - pdb path: .;C:\Users\hp\.jdks\openjdk-24.0.1\bin;C:\WINDOWS\SYSTEM32;C:\WINDOWS\WinSxS\amd64_microsoft.windows.common-controls_6595b64144ccf1df_6.0.22621.5090_none_2715ec9973802129;C:\Users\hp\.jdks\openjdk-24.0.1\bin\server;C:\Users\hp\AppData\Local\Temp\idea_libasyncProfiler_dll_temp_folder2

VM Arguments:
jvm_args: -ea -Didea.test.cyclic.buffer.size=1048576 -javaagent:C:\Program Files\JetBrains\IntelliJ IDEA 2024.3.5\lib\idea_rt.jar=56232 -javaagent:C:\Users\hp\AppData\Local\JetBrains\IntelliJIdea2024.3\captureAgent\debugger-agent.jar -Dkotlinx.coroutines.debug.enable.creation.stack.trace=false -Ddebugger.agent.enable.coroutines=true -Dkotlinx.coroutines.debug.enable.flows.stack.trace=true -Dkotlinx.coroutines.debug.enable.mutable.state.flows.stack.trace=true -agentpath:C:\Users\hp\AppData\Local\Temp\idea_libasyncProfiler_dll_temp_folder2\libasyncProfiler.dll=start,jfr,event=wall,interval=10ms,jfrsync=profile,cstack=no,file=C:\Users\hp\IdeaSnapshots\AccountManagerTest_2025_05_09_201857.jfr,dbghelppath=C:\Users\hp\AppData\Local\Temp\idea_dbghelp_dll_temp_folder\dbghelp.dll,log=C:\Users\hp\AppData\Local\Temp\AccountManagerTest_2025_05_09_201857.jfr.log.txt,logLevel=DEBUG -Dfile.encoding=UTF-8 -Dsun.stdout.encoding=UTF-8 -Dsun.stderr.encoding=UTF-8 
java_command: com.intellij.rt.junit.JUnitStarter -ideVersion5 -junit5 se.sti.TDD.project.AccountManagerTest
java_class_path (initial): C:\Users\hp\.m2\repository\org\junit\platform\junit-platform-launcher\1.10.0\junit-platform-launcher-1.10.0.jar;C:\Program Files\JetBrains\IntelliJ IDEA 2024.3.5\lib\idea_rt.jar;C:\Program Files\JetBrains\IntelliJ IDEA 2024.3.5\plugins\junit\lib\junit5-rt.jar;C:\Program Files\JetBrains\IntelliJ IDEA 2024.3.5\plugins\junit\lib\junit-rt.jar;C:\Users\hp\IdeaProjects\se.sti.TDD.project\target\test-classes;C:\Users\hp\IdeaProjects\se.sti.TDD.project\target\classes;C:\Users\hp\.m2\repository\org\xerial\sqlite-jdbc\3.43.2.0\sqlite-jdbc-3.43.2.0.jar;C:\Users\hp\.m2\repository\org\slf4j\slf4j-api\2.0.9\slf4j-api-2.0.9.jar;C:\Users\hp\.m2\repository\org\slf4j\slf4j-simple\2.0.9\slf4j-simple-2.0.9.jar;C:\Users\hp\.m2\repository\org\junit\jupiter\junit-jupiter-api\5.10.0\junit-jupiter-api-5.10.0.jar;C:\Users\hp\.m2\repository\org\opentest4j\opentest4j\1.3.0\opentest4j-1.3.0.jar;C:\Users\hp\.m2\repository\org\junit\platform\junit-platform-commons\1.10.0\junit-platform-commons-1.10.0.jar;C:\Users\hp\.m2\repository\org\apiguardian\apiguardian-api\1.1.2\apiguardian-api-1.1.2.jar;C:\Users\hp\.m2\repository\org\junit\jupiter\junit-jupiter-engine\5.10.0\junit-jupiter-engine-5.10.0.jar;C:\Users\hp\.m2\repository\org\junit\platform\junit-platform-engine\1.10.0\junit-platform-engine-1.10.0.jar;C:\Users\hp\.m2\repository\org\mockito\mockito-core\5.8.0\mockito-core-5.8.0.jar;C:\Users\hp\.m2\repository\net\bytebuddy\byte-buddy\1.14.10\byte-buddy-1.14.10.jar;C:\Users\hp\.m2\repository\net\bytebuddy\byte-buddy-agent\1.14.10\byte-buddy-agent-1.14.10.jar;C:\Users\hp\.m2\repository\org\objenesis\objenesis\3.3\objenesis-3.3.jar
Launcher Type: SUN_STANDARD

[Global flags]
     intx CICompilerCount                          = 4                                         {product} {ergonomic}
     uint ConcGCThreads                            = 2                                         {product} {ergonomic}
     bool FlightRecorder                           = true                                      {product} {management}
     uint G1ConcRefinementThreads                  = 8                                         {product} {ergonomic}
   size_t G1HeapRegionSize                         = 4194304                                   {product} {ergonomic}
   size_t InitialHeapSize                          = 394264576                                 {product} {ergonomic}
   size_t MarkStackSize                            = 4194304                                   {product} {ergonomic}
   size_t MarkStackSizeMax                         = 536870912                                 {product} {ergonomic}
   size_t MaxHeapSize                              = 6266290176                                {product} {ergonomic}
   size_t MaxNewSize                               = 3758096384                                {product} {ergonomic}
   size_t MinHeapDeltaBytes                        = 4194304                                   {product} {ergonomic}
   size_t MinHeapSize                              = 8388608                                   {product} {ergonomic}
    uintx NonNMethodCodeHeapSize                   = 5832704                                {pd product} {ergonomic}
    uintx NonProfiledCodeHeapSize                  = 122945536                              {pd product} {ergonomic}
    uintx ProfiledCodeHeapSize                     = 122880000                              {pd product} {ergonomic}
    uintx ReservedCodeCacheSize                    = 251658240                              {pd product} {ergonomic}
     bool SegmentedCodeCache                       = true                                      {product} {ergonomic}
   size_t SoftMaxHeapSize                          = 6266290176                             {manageable} {ergonomic}
     bool UseCompressedOops                        = true                           {product lp64_product} {ergonomic}
     bool UseG1GC                                  = true                                      {product} {ergonomic}
     bool UseLargePagesIndividualAllocation        = false                                  {pd product} {ergonomic}

Logging:
Log output configuration:
 #0: stdout all=warning uptime,level,tags foldmultilines=false
 #1: stderr all=off uptime,level,tags foldmultilines=false

Environment Variables:
PATH=C:\Program Files\Eclipse Adoptium\jdk-21.0.7.6-hotspot\bin;C:\Python313\Scripts\;C:\Python313\;C:\WINDOWS\system32;C:\WINDOWS;C:\WINDOWS\System32\Wbem;C:\WINDOWS\System32\WindowsPowerShell\v1.0\;C:\WINDOWS\System32\OpenSSH\;C:\Program Files\Git\cmd;C:\Program Files\nodejs\;C:\ProgramData\chocolatey\bin;C:\Users\hp\AppData\Local\Microsoft\WindowsApps;C:\Program Files\JetBrains\IntelliJ IDEA 2024.3.5\bin;;C:\Users\hp\AppData\Local\Programs\Microsoft VS Code\bin;C:\Users\hp\AppData\Roaming\npm;c:\Users\hpDokument\Testdriven utvecklin\apache-maven-3.9.9\bin;
USERNAME=Moise Khonde
OS=Windows_NT
PROCESSOR_IDENTIFIER=AMD64 Family 23 Model 96 Stepping 1, AuthenticAMD
TMP=C:\Users\hp\AppData\Local\Temp
TEMP=C:\Users\hp\AppData\Local\Temp




Periodic native trim disabled

---------------  S Y S T E M  ---------------

OS:
 Windows 11 , 64 bit Build 22621 (10.0.22621.5015)
OS uptime: 2 days 4:53 hours

CPU: total 8 (initial active 8) (8 cores per cpu, 2 threads per core) family 23 model 96 stepping 1 microcode 0x0, cx8, cmov, fxsr, ht, mmx, 3dnowpref, sse, sse2, sse3, ssse3, sse4a, sse4.1, sse4.2, popcnt, lzcnt, tsc, tscinvbit, avx, avx2, aes, clmul, bmi1, bmi2, adx, sha, fma, vzeroupper, clflush, clflushopt, rdtscp, rdpid, f16c
Processor Information for the first 8 processors :
  Max Mhz: 2500, Current Mhz: 2500, Mhz Limit: 2500

Memory: 4k page, system-wide physical 23889M (13007M free)
TotalPageFile size 27473M (AvailPageFile size 12773M)
current process WorkingSet (physical memory assigned to process): 87M, peak: 87M
current process commit charge ("private bytes"): 518M, peak: 519M

vm_info: OpenJDK 64-Bit Server VM (24.0.1+9-30) for windows-amd64 JRE (24.0.1+9-30), built on 2025-03-05T07:23:45Z with MS VC++ 17.6 (VS2022)

END.
